<?xml version="1.0" encoding="UTF-8"?>
<testng-results skipped="0" failed="0" total="1" passed="1">
  <reporter-output>
  </reporter-output>
  <suite name="Default suite" duration-ms="51539" started-at="2020-01-07T12:47:51Z" finished-at="2020-01-07T12:48:42Z">
    <groups>
    </groups>
    <test name="Default test" duration-ms="51539" started-at="2020-01-07T12:47:51Z" finished-at="2020-01-07T12:48:42Z">
      <class name="DriverFactory.AppTes">
        <test-method status="PASS" signature="startTest()[pri:0, instance:DriverFactory.AppTes@457e2f02]" name="startTest" duration-ms="51510" started-at="2020-01-07T18:17:51Z" finished-at="2020-01-07T18:18:42Z">
          <reporter-output>
          </reporter-output>
        </test-method> <!-- startTest -->
      </class> <!-- DriverFactory.AppTes -->
    </test> <!-- Default test -->
  </suite> <!-- Default suite -->
</testng-results>
